[DEBUG]2015/07/19 20:43:14 /data/development/gopkg/src/lemon/logger/logger.go:76: Test debug output...
[DEBUG]2015/07/19 20:43:14 /data/development/gopkg/src/lemon/logger/logger.go:76: Test info output...
[DEBUG]2015/07/19 20:43:14 /data/development/gopkg/src/lemon/logger/logger.go:76: Test warning output...
[DEBUG]2015/07/19 20:43:14 /data/development/gopkg/src/lemon/logger/logger.go:76: Test error output...
[DEBUG]2015/07/19 20:43:14 /data/development/gopkg/src/lemon/logger/logger.go:76: Test fatal output...
[DEBUG]2015/07/19 20:43:14 /data/development/gopkg/src/lemon/logger/logger.go:76: Test panic output...
[DEBUG]2015/07/19 20:45:14 /data/development/gopkg/src/lemon/logger/logger.go:76: Test debug output...
[INFO]2015/07/19 20:45:14 /data/development/gopkg/src/lemon/logger/logger.go:76: Test info output...
[WARNING]2015/07/19 20:45:14 /data/development/gopkg/src/lemon/logger/logger.go:76: Test warning output...
[ERROR]2015/07/19 20:45:14 /data/development/gopkg/src/lemon/logger/logger.go:76: Test error output...
[FATAL]2015/07/19 20:45:14 /data/development/gopkg/src/lemon/logger/logger.go:72: Test fatal output...
[DEBUG]2015/07/19 20:55:18 /data/development/gopkg/src/lemon/logger/logger.go:76: Test debug output...
[INFO]2015/07/19 20:55:18 /data/development/gopkg/src/lemon/logger/logger.go:76: Test info output...
[WARNING]2015/07/19 20:55:18 /data/development/gopkg/src/lemon/logger/logger.go:76: Test warning output...
[ERROR]2015/07/19 20:55:18 /data/development/gopkg/src/lemon/logger/logger.go:76: Test error output...
[DEBUG]2015/07/19 20:57:26 /data/development/gopkg/src/lemon/logger/logger.go:76: Test debug output...
[INFO]2015/07/19 20:57:26 /data/development/gopkg/src/lemon/logger/logger.go:76: Test info output...
[WARNING]2015/07/19 20:57:26 /data/development/gopkg/src/lemon/logger/logger.go:76: Test warning output...
[ERROR]2015/07/19 20:57:26 /data/development/gopkg/src/lemon/logger/logger.go:76: Test error output...
[DEBUG]2015/07/19 20:58:09 /data/development/gopkg/src/lemon/logger/logger.go:76: Test debug output...
[INFO]2015/07/19 20:58:09 /data/development/gopkg/src/lemon/logger/logger.go:76: Test info output...
[WARNING]2015/07/19 20:58:09 /data/development/gopkg/src/lemon/logger/logger.go:76: Test warning output...
[ERROR]2015/07/19 20:58:09 /data/development/gopkg/src/lemon/logger/logger.go:76: Test error output...
[DEBUG]2015/07/19 20:58:55 /data/development/gopkg/src/lemon/logger/logger.go:76: Test debug output...
[INFO]2015/07/19 20:58:55 /data/development/gopkg/src/lemon/logger/logger.go:76: Test info output...
[WARNING]2015/07/19 20:58:55 /data/development/gopkg/src/lemon/logger/logger.go:76: Test warning output...
[ERROR]2015/07/19 20:58:55 /data/development/gopkg/src/lemon/logger/logger.go:76: Test error output...
[DEBUG]2015/07/19 21:07:59 /data/development/gopkg/src/lemon/logger/logger.go:76: Test debug output...
[INFO]2015/07/19 21:07:59 /data/development/gopkg/src/lemon/logger/logger.go:76: Test info output...
[WARNING]2015/07/19 21:07:59 /data/development/gopkg/src/lemon/logger/logger.go:76: Test warning output...
[ERROR]2015/07/19 21:07:59 /data/development/gopkg/src/lemon/logger/logger.go:76: Test error output...
[DEBUG]2015/07/19 21:08:08 /data/development/gopkg/src/lemon/logger/logger.go:76: Test debug output...
[INFO]2015/07/19 21:08:08 /data/development/gopkg/src/lemon/logger/logger.go:76: Test info output...
[WARNING]2015/07/19 21:08:08 /data/development/gopkg/src/lemon/logger/logger.go:76: Test warning output...
[ERROR]2015/07/19 21:08:08 /data/development/gopkg/src/lemon/logger/logger.go:76: Test error output...
